2017/10/20 20:03:24 [TRACE] Log Mode: File (Trace)
2017/10/20 20:03:24 [ INFO] NetDevOps CICD 0.9.141.0211
2017/10/20 20:03:24 [ INFO] Cache Service Enabled
2017/10/20 20:03:24 [ INFO] Session Service Enabled
2017/10/20 20:03:24 [ INFO] Git Version: 2.6.6
2017/10/20 20:03:24 [ INFO] Git config user.email set to gogs@fake.local
2017/10/20 20:03:24 [ INFO] Git config user.name set to Gogs
2017/10/20 20:03:24 [ INFO] SQLite3 Supported
2017/10/20 20:03:24 [ INFO] Run Mode: Production
2017/10/20 20:03:24 [TRACE] Doing: CheckRepoStats
2017/10/20 20:03:24 [ INFO] First-time run install finished!
2017/10/20 20:03:25 [TRACE] Session ID: 668ccd000a3dad8a
2017/10/20 20:03:25 [TRACE] CSRF Token: O8t_lkmVyRDgKCsAS0aJXstI8oI6MTUwODUyOTgwNTI4ODU4NzMyNA==
2017/10/20 20:03:25 [TRACE] Template: status/404
2017/10/20 20:03:25 [TRACE] Session ID: 668ccd000a3dad8a
2017/10/20 20:03:25 [TRACE] CSRF Token: O8t_lkmVyRDgKCsAS0aJXstI8oI6MTUwODUyOTgwNTI4ODU4NzMyNA==
2017/10/20 20:03:25 [TRACE] Template: status/404
2017/10/20 20:03:25 [TRACE] Session ID: 668ccd000a3dad8a
2017/10/20 20:03:25 [TRACE] CSRF Token: O8t_lkmVyRDgKCsAS0aJXstI8oI6MTUwODUyOTgwNTI4ODU4NzMyNA==
2017/10/20 20:03:25 [TRACE] Template: status/404
2017/10/20 20:03:25 [TRACE] Session ID: 668ccd000a3dad8a
2017/10/20 20:03:25 [TRACE] CSRF Token: O8t_lkmVyRDgKCsAS0aJXstI8oI6MTUwODUyOTgwNTI4ODU4NzMyNA==
2017/10/20 20:03:25 [TRACE] Template: status/404
2017/10/20 20:03:25 [TRACE] Session ID: 668ccd000a3dad8a
2017/10/20 20:03:25 [TRACE] CSRF Token: O8t_lkmVyRDgKCsAS0aJXstI8oI6MTUwODUyOTgwNTI4ODU4NzMyNA==
2017/10/20 20:03:25 [TRACE] Template: status/404
2017/10/20 20:03:25 [TRACE] Session ID: 668ccd000a3dad8a
2017/10/20 20:03:25 [TRACE] CSRF Token: O8t_lkmVyRDgKCsAS0aJXstI8oI6MTUwODUyOTgwNTI4ODU4NzMyNA==
2017/10/20 20:03:25 [TRACE] Template: status/404
2017/10/20 20:03:25 [TRACE] Session ID: 668ccd000a3dad8a
2017/10/20 20:03:25 [TRACE] CSRF Token: O8t_lkmVyRDgKCsAS0aJXstI8oI6MTUwODUyOTgwNTI4ODU4NzMyNA==
2017/10/20 20:03:25 [TRACE] Template: status/404
2017/10/20 20:03:25 [TRACE] Session ID: 668ccd000a3dad8a
2017/10/20 20:03:25 [TRACE] CSRF Token: O8t_lkmVyRDgKCsAS0aJXstI8oI6MTUwODUyOTgwNTI4ODU4NzMyNA==
2017/10/20 20:03:25 [TRACE] Template: status/404
2017/10/20 20:03:25 [TRACE] Session ID: 668ccd000a3dad8a
2017/10/20 20:03:25 [TRACE] CSRF Token: O8t_lkmVyRDgKCsAS0aJXstI8oI6MTUwODUyOTgwNTI4ODU4NzMyNA==
2017/10/20 20:03:25 [TRACE] Template: status/404
2017/10/20 20:03:26 [TRACE] Session ID: 668ccd000a3dad8a
2017/10/20 20:03:26 [TRACE] CSRF Token: O8t_lkmVyRDgKCsAS0aJXstI8oI6MTUwODUyOTgwNTI4ODU4NzMyNA==
2017/10/20 20:03:26 [TRACE] Template: status/404
2017/10/20 20:03:26 [TRACE] Session ID: 668ccd000a3dad8a
2017/10/20 20:03:26 [TRACE] CSRF Token: O8t_lkmVyRDgKCsAS0aJXstI8oI6MTUwODUyOTgwNTI4ODU4NzMyNA==
2017/10/20 20:03:26 [TRACE] Template: status/404
2017/10/20 20:03:26 [TRACE] Session ID: 668ccd000a3dad8a
2017/10/20 20:03:26 [TRACE] CSRF Token: O8t_lkmVyRDgKCsAS0aJXstI8oI6MTUwODUyOTgwNTI4ODU4NzMyNA==
2017/10/20 20:03:26 [TRACE] Template: status/404
2017/10/20 20:03:26 [TRACE] Session ID: 668ccd000a3dad8a
2017/10/20 20:03:26 [TRACE] CSRF Token: O8t_lkmVyRDgKCsAS0aJXstI8oI6MTUwODUyOTgwNTI4ODU4NzMyNA==
2017/10/20 20:03:26 [TRACE] Template: status/404
2017/10/20 20:03:27 [TRACE] Session ID: 668ccd000a3dad8a
2017/10/20 20:03:27 [TRACE] CSRF Token: O8t_lkmVyRDgKCsAS0aJXstI8oI6MTUwODUyOTgwNTI4ODU4NzMyNA==
2017/10/20 20:03:27 [TRACE] Template: status/404
2017/10/20 20:03:27 [TRACE] Session ID: 668ccd000a3dad8a
2017/10/20 20:03:27 [TRACE] CSRF Token: O8t_lkmVyRDgKCsAS0aJXstI8oI6MTUwODUyOTgwNTI4ODU4NzMyNA==
2017/10/20 20:03:27 [TRACE] Template: status/404
2017/10/20 20:05:06 [TRACE] Log Mode: File (Trace)
2017/10/20 20:05:06 [ INFO] NetDevOps CICD 0.9.141.0211
2017/10/20 20:05:06 [ INFO] Cache Service Enabled
2017/10/20 20:05:06 [ INFO] Session Service Enabled
2017/10/20 20:05:06 [ INFO] Git Version: 2.6.6
2017/10/20 20:05:06 [ INFO] SQLite3 Supported
2017/10/20 20:05:06 [ INFO] Run Mode: Production
2017/10/20 20:05:06 [TRACE] Doing: CheckRepoStats
2017/10/20 20:05:06 [ INFO] Listen: http://0.0.0.0:3000/gogs
2017/10/20 20:05:20 [TRACE] Session ID: 2495d914f6be0d59
2017/10/20 20:05:20 [TRACE] CSRF Token: cJvK6rNH8G33J4wyGF11HoRgrs46MTUwODUyOTkyMDkxMDQ0MDYxMw==
2017/10/20 20:05:20 [TRACE] Template: home
2017/10/20 20:05:35 [TRACE] Session ID: 2495d914f6be0d59
2017/10/20 20:05:35 [TRACE] CSRF Token: cJvK6rNH8G33J4wyGF11HoRgrs46MTUwODUyOTkyMDkxMDQ0MDYxMw==
2017/10/20 20:05:35 [TRACE] Template: user/auth/signin
2017/10/20 20:05:41 [TRACE] Session ID: 2495d914f6be0d59
2017/10/20 20:05:41 [TRACE] CSRF Token: cJvK6rNH8G33J4wyGF11HoRgrs46MTUwODUyOTkyMDkxMDQ0MDYxMw==
2017/10/20 20:05:41 [TRACE] Session ID: 2495d914f6be0d59
2017/10/20 20:05:41 [TRACE] CSRF Token: utim8pDJVaJUFRQcH3To1pZ46ks6MTUwODUyOTk0MTczNTczNjU0MQ==
2017/10/20 20:05:41 [TRACE] Template: user/dashboard/dashboard
2017/10/20 20:10:09 [TRACE] Log Mode: File (Trace)
2017/10/20 20:10:09 [ INFO] NetDevOps CICD 0.9.141.0211
2017/10/20 20:10:09 [ INFO] Cache Service Enabled
2017/10/20 20:10:09 [ INFO] Session Service Enabled
2017/10/20 20:10:09 [ INFO] Git Version: 2.6.6
2017/10/20 20:10:09 [ INFO] SQLite3 Supported
2017/10/20 20:10:09 [ INFO] Run Mode: Production
2017/10/20 20:10:09 [TRACE] Doing: CheckRepoStats
2017/10/20 20:10:09 [ INFO] Listen: http://0.0.0.0:3000/gogs
2017/10/20 20:10:29 [TRACE] Session ID: 2495d914f6be0d59
2017/10/20 20:10:29 [TRACE] CSRF Token: utim8pDJVaJUFRQcH3To1pZ46ks6MTUwODUyOTk0MTczNTczNjU0MQ==
2017/10/20 20:10:29 [TRACE] Template: user/dashboard/dashboard
2017/10/20 20:17:15 [TRACE] Log Mode: File (Trace)
2017/10/20 20:17:15 [ INFO] NetDevOps CICD 0.9.141.0211
2017/10/20 20:17:15 [ INFO] Cache Service Enabled
2017/10/20 20:17:15 [ INFO] Session Service Enabled
2017/10/20 20:17:15 [ INFO] Git Version: 2.6.6
2017/10/20 20:17:15 [ INFO] SQLite3 Supported
2017/10/20 20:17:15 [ INFO] Run Mode: Production
2017/10/20 20:17:15 [TRACE] Doing: CheckRepoStats
2017/10/20 20:17:15 [ INFO] Listen: http://0.0.0.0:3000/gogs
2017/10/20 20:20:40 [TRACE] Log Mode: File (Trace)
2017/10/20 20:20:40 [ INFO] NetDevOps CICD 0.9.141.0211
2017/10/20 20:20:40 [ INFO] Cache Service Enabled
2017/10/20 20:20:40 [ INFO] Session Service Enabled
2017/10/20 20:20:40 [ INFO] Git Version: 2.6.6
2017/10/20 20:20:40 [ INFO] SQLite3 Supported
2017/10/20 20:20:40 [ INFO] Run Mode: Production
2017/10/20 20:20:40 [TRACE] Doing: CheckRepoStats
2017/10/20 20:20:40 [ INFO] Listen: http://0.0.0.0:3000/gogs
2017/10/20 20:21:15 [TRACE] Session ID: db9cc659249e4d5e
2017/10/20 20:21:15 [TRACE] CSRF Token: vS1RvwA-HmPqZJfOAjmZxuU7VdU6MTUwODUzMDg3NTEzNjc2MDkxMw==
2017/10/20 20:21:15 [TRACE] Session ID: 8d9181029af56ecf
2017/10/20 20:21:15 [TRACE] CSRF Token: CdArvACIjSfbCtfdM7UG6by4hJ06MTUwODUzMDg3NTIwMDc2OTE1MQ==
2017/10/20 20:21:15 [TRACE] Session ID: 9efa5c57a64be697
2017/10/20 20:21:15 [TRACE] CSRF Token: hErIuUwbtNOXHqEhrwrIRzwQD1I6MTUwODUzMDg3NTI3MzQ3NzY2NQ==
2017/10/20 20:21:15 [TRACE] Session ID: 486651a4f40d2f1f
2017/10/20 20:21:15 [TRACE] CSRF Token: pVxYhbijax2YDvQLoIsrAtXgpig6MTUwODUzMDg3NTk2MTMwMzk3OQ==
2017/10/20 20:21:27 [TRACE] Session ID: 2495d914f6be0d59
2017/10/20 20:21:27 [TRACE] CSRF Token: utim8pDJVaJUFRQcH3To1pZ46ks6MTUwODUyOTk0MTczNTczNjU0MQ==
2017/10/20 20:21:27 [TRACE] Template: user/dashboard/dashboard
2017/10/20 20:21:29 [TRACE] Session ID: 2495d914f6be0d59
2017/10/20 20:21:29 [TRACE] CSRF Token: utim8pDJVaJUFRQcH3To1pZ46ks6MTUwODUyOTk0MTczNTczNjU0MQ==
2017/10/20 20:21:29 [TRACE] Template: repo/create
2017/10/20 20:22:04 [TRACE] Session ID: 2495d914f6be0d59
2017/10/20 20:22:04 [TRACE] CSRF Token: utim8pDJVaJUFRQcH3To1pZ46ks6MTUwODUyOTk0MTczNTczNjU0MQ==
2017/10/20 20:22:04 [TRACE] action.newRepoAction: netdevopsadmin/net_cicd_sample
2017/10/20 20:22:04 [TRACE] Repository created [1]: netdevopsadmin/net_cicd_sample
2017/10/20 20:22:05 [TRACE] Session ID: 2495d914f6be0d59
2017/10/20 20:22:05 [TRACE] CSRF Token: utim8pDJVaJUFRQcH3To1pZ46ks6MTUwODUyOTk0MTczNTczNjU0MQ==
2017/10/20 20:22:05 [TRACE] Bare repository: /gogs/netdevopsadmin/net_cicd_sample
2017/10/20 20:22:05 [TRACE] Template: repo/bare
2017/10/20 20:23:10 [TRACE] Session ID: 3b20b494bdd1a9fb
2017/10/20 20:23:10 [TRACE] CSRF Token: 6pNFVrKUTkMmVYjEUGZsnpdUGm86MTUwODUzMDk5MDg2NDgxMDEzNg==
2017/10/20 20:23:17 [TRACE] Session ID: 91a18186aada661f
2017/10/20 20:23:17 [TRACE] CSRF Token: HxFiQkj_ZCiZRO1Yj5A00hOIiH46MTUwODUzMDk5NzI3NjI5NzAwMw==
2017/10/20 20:23:17 [TRACE] Session ID: 968e2a1483cf93c4
2017/10/20 20:23:17 [TRACE] CSRF Token: Brf-X-HW59qARqMjgGPnM0jFWZA6MTUwODUzMDk5NzcwNzczNzU1NA==
2017/10/20 20:23:17 [TRACE] DeliverHooks [repo_id: 1]
2017/10/20 20:23:17 [TRACE] AddTestPullRequestTask [head_repo_id: 1, head_branch: master]: finding pull requests
2017/10/20 20:23:17 [TRACE] AddTestPullRequestTask [base_repo_id: 1, base_branch: master]: finding pull requests
2017/10/20 20:23:22 [TRACE] Session ID: 2495d914f6be0d59
2017/10/20 20:23:22 [TRACE] CSRF Token: utim8pDJVaJUFRQcH3To1pZ46ks6MTUwODUyOTk0MTczNTczNjU0MQ==
2017/10/20 20:23:22 [TRACE] Template: repo/home
2017/10/20 20:27:57 [TRACE] Log Mode: File (Trace)
2017/10/20 20:27:57 [ INFO] NetDevOps CICD 0.9.141.0211
2017/10/20 20:27:57 [ INFO] Cache Service Enabled
2017/10/20 20:27:57 [ INFO] Session Service Enabled
2017/10/20 20:27:57 [ INFO] Git Version: 2.6.6
2017/10/20 20:27:57 [ INFO] SQLite3 Supported
2017/10/20 20:27:57 [ INFO] Run Mode: Production
2017/10/20 20:27:57 [TRACE] Doing: CheckRepoStats
2017/10/20 20:27:57 [ INFO] Listen: http://0.0.0.0:3000/gogs
2017/10/20 20:28:17 [TRACE] Session ID: f62480b106a84791
2017/10/20 20:28:17 [TRACE] CSRF Token: xtN3ZJfNQQLg4zctU8me_kAjIbU6MTUwODUzMTI5NzUzOTUyNTgzMg==
2017/10/20 20:28:17 [TRACE] Session ID: 476c2b94c991ea46
2017/10/20 20:28:17 [TRACE] CSRF Token: PxDdF4qR_fv_OKEyXMo6nSYdzXs6MTUwODUzMTI5NzYwMzEwNDA3Nw==
2017/10/20 20:28:18 [TRACE] Session ID: b515a10efc98a461
2017/10/20 20:28:18 [TRACE] CSRF Token: ZlmF37-l8DJ4axYffgvPyBSfNzU6MTUwODUzMTI5ODE0MTI3ODY2MA==
2017/10/20 20:29:59 [TRACE] Session ID: 798923bded020a8a
2017/10/20 20:29:59 [TRACE] CSRF Token: a07d06FoQfk5sw3H2JCTJuQOT486MTUwODUzMTM5OTQyNjUwNDAxMA==
2017/10/20 20:29:59 [TRACE] Session ID: ac0a50a5c3c45865
2017/10/20 20:29:59 [TRACE] CSRF Token: 8K5Np2uuZeqdekIx8FC0yQaWkhE6MTUwODUzMTM5OTQzOTY1NzUzMw==
2017/10/20 20:29:59 [TRACE] Session ID: 88aa7362175d8061
2017/10/20 20:29:59 [TRACE] CSRF Token: ntNUftO-7phczb1mWF5w7P-P93w6MTUwODUzMTM5OTQ0ODc3OTU2OQ==
2017/10/20 20:30:10 [TRACE] Session ID: 2495d914f6be0d59
2017/10/20 20:30:10 [TRACE] CSRF Token: utim8pDJVaJUFRQcH3To1pZ46ks6MTUwODUyOTk0MTczNTczNjU0MQ==
2017/10/20 20:30:10 [TRACE] Template: repo/home
2017/10/20 20:30:12 [TRACE] Session ID: 2495d914f6be0d59
2017/10/20 20:30:12 [TRACE] CSRF Token: utim8pDJVaJUFRQcH3To1pZ46ks6MTUwODUyOTk0MTczNTczNjU0MQ==
2017/10/20 20:30:12 [TRACE] Template: repo/settings/options
2017/10/20 20:30:14 [TRACE] Session ID: 2495d914f6be0d59
2017/10/20 20:30:14 [TRACE] CSRF Token: utim8pDJVaJUFRQcH3To1pZ46ks6MTUwODUyOTk0MTczNTczNjU0MQ==
2017/10/20 20:30:14 [TRACE] Template: repo/settings/hooks
2017/10/20 20:34:56 [TRACE] Session ID: 0a736f51c169e61a
2017/10/20 20:34:56 [TRACE] CSRF Token: Wl9EqIb3pj3jOWEpXIHd7vKJsGU6MTUwODUzMTY5NjM4NzYzODMxMg==
2017/10/20 20:34:57 [TRACE] Session ID: f2e02caf1670769b
2017/10/20 20:34:57 [TRACE] CSRF Token: 47b3P7bEuwM2HoQUginGc6ahsY86MTUwODUzMTY5NzAxMzYxMzcxNA==
2017/10/20 20:34:57 [TRACE] Session ID: b09130d721220cb5
2017/10/20 20:34:57 [TRACE] CSRF Token: z5gTBX0LesYhacxf8UGIvQQb8gU6MTUwODUzMTY5NzQxNjExNzgyNQ==
2017/10/20 20:34:57 [TRACE] AddTestPullRequestTask [head_repo_id: 1, head_branch: master]: finding pull requests
2017/10/20 20:34:57 [TRACE] DeliverHooks [repo_id: 1]
2017/10/20 20:34:57 [TRACE] AddTestPullRequestTask [base_repo_id: 1, base_branch: master]: finding pull requests
2017/10/20 20:34:57 [TRACE] Session ID: b32c3f20331f4946
2017/10/20 20:34:57 [TRACE] CSRF Token: IUgzNCjiDOPXPGy4sSIJcSnCMU06MTUwODUzMTY5NzYwODg3MTU3Mg==
2017/10/20 20:34:57 [TRACE] Session ID: 4c8910bbdbc91814
2017/10/20 20:34:57 [TRACE] CSRF Token: 2n9OK9wkJkvw6F8166gqtG028i46MTUwODUzMTY5NzY0MTMzNjIxMw==
2017/10/20 20:34:57 [TRACE] Hook delivered: b0b5b53c-2077-40e5-ab57-512185875bff
2017/10/20 20:35:02 [TRACE] Session ID: 2495d914f6be0d59
2017/10/20 20:35:02 [TRACE] CSRF Token: utim8pDJVaJUFRQcH3To1pZ46ks6MTUwODUyOTk0MTczNTczNjU0MQ==
2017/10/20 20:35:02 [TRACE] Template: repo/settings/hooks
2017/10/20 20:35:05 [TRACE] Session ID: 2495d914f6be0d59
2017/10/20 20:35:05 [TRACE] CSRF Token: utim8pDJVaJUFRQcH3To1pZ46ks6MTUwODUyOTk0MTczNTczNjU0MQ==
2017/10/20 20:35:05 [TRACE] Template: repo/home
2017/10/20 20:35:07 [TRACE] Session ID: 128d177898a0710d
2017/10/20 20:35:07 [TRACE] CSRF Token: mRcGqi0SdB_-e39nCZgl5-1W_IA6MTUwODUzMTcwNzIyMDQ1MjgxNA==
2017/10/20 20:35:07 [TRACE] Session ID: 432bbc08aac269d3
2017/10/20 20:35:07 [TRACE] CSRF Token: bpxb089u-L7ej-gPBmcNQfhenj46MTUwODUzMTcwNzI0OTE3NjA4Mw==
2017/10/20 20:37:57 [TRACE] Doing: MirrorUpdate
2017/10/20 20:40:09 [TRACE] Session ID: f5eec2a44ebd4564
2017/10/20 20:40:09 [TRACE] CSRF Token: MwbhJAK_UVdxWRGRAh0sPpwX6ys6MTUwODUzMjAwOTc0MzUzODA3NQ==
2017/10/20 20:40:10 [TRACE] Session ID: 1c3673d277b17e5a
2017/10/20 20:40:10 [TRACE] CSRF Token: 5wGEEcnWvTDVbwkAboGzXEjiu846MTUwODUzMjAxMDM2MDYyNDI4Ng==
2017/10/20 20:40:11 [TRACE] Session ID: 455210ad323bb92f
2017/10/20 20:40:11 [TRACE] CSRF Token: uiikO6vQGxfWCo2ScdH0kMD-Tao6MTUwODUzMjAxMDk5MTA3OTczNQ==
2017/10/20 20:40:11 [TRACE] AddTestPullRequestTask [head_repo_id: 1, head_branch: master]: finding pull requests
2017/10/20 20:40:11 [TRACE] DeliverHooks [repo_id: 1]
2017/10/20 20:40:11 [TRACE] AddTestPullRequestTask [base_repo_id: 1, base_branch: master]: finding pull requests
2017/10/20 20:40:11 [TRACE] Session ID: e005c430de271d54
2017/10/20 20:40:11 [TRACE] CSRF Token: _83Ec-M3BzsIQIkdGM2TyKErghI6MTUwODUzMjAxMTIxNDA3NTQxNA==
2017/10/20 20:40:11 [TRACE] Session ID: 7203109611e5d934
2017/10/20 20:40:11 [TRACE] CSRF Token: hwz9woUinDu2e7VyoTBQ6A4fCwY6MTUwODUzMjAxMTI0MzIzNzI1Ng==
2017/10/20 20:40:11 [TRACE] Hook delivered: c325afa4-d930-4d71-8873-fdc622e3940f
2017/10/20 20:40:13 [TRACE] Session ID: 1e96b2724372494d
2017/10/20 20:40:13 [TRACE] CSRF Token: 9jWyqMlyqp98NK6GvmG6alrqHAQ6MTUwODUzMjAxMzMxMjc0OTA3OQ==
2017/10/20 20:40:13 [TRACE] Session ID: 92792815bff6495c
2017/10/20 20:40:13 [TRACE] CSRF Token: W0cpM2XavJmdZkIpMj53KziMRzA6MTUwODUzMjAxMzM0MDg4MDk1Ng==
2017/10/20 20:40:27 [TRACE] Session ID: 2495d914f6be0d59
2017/10/20 20:40:27 [TRACE] CSRF Token: utim8pDJVaJUFRQcH3To1pZ46ks6MTUwODUyOTk0MTczNTczNjU0MQ==
2017/10/20 20:40:27 [TRACE] Template: repo/home
2017/10/20 20:40:31 [TRACE] Session ID: 2495d914f6be0d59
2017/10/20 20:40:31 [TRACE] CSRF Token: utim8pDJVaJUFRQcH3To1pZ46ks6MTUwODUyOTk0MTczNTczNjU0MQ==
2017/10/20 20:40:31 [TRACE] Template: repo/home
2017/10/20 20:40:37 [TRACE] Session ID: 2495d914f6be0d59
2017/10/20 20:40:37 [TRACE] CSRF Token: utim8pDJVaJUFRQcH3To1pZ46ks6MTUwODUyOTk0MTczNTczNjU0MQ==
2017/10/20 20:40:37 [TRACE] Template: repo/home
2017/10/20 20:46:34 [TRACE] Session ID: 7d6ce1f0a2b0c32a
2017/10/20 20:46:34 [TRACE] CSRF Token: fB3FpGsyDGAHJHfL1UQfAGzY3YE6MTUwODUzMjM5NDAxNjMwNjcwOQ==
2017/10/20 20:46:34 [TRACE] Session ID: 16ad220afd225819
2017/10/20 20:46:34 [TRACE] CSRF Token: LoNtuJn8V4zfww_f6CBBWrsxFKI6MTUwODUzMjM5NDAxOTQ4Mzg3OQ==
2017/10/20 20:47:57 [TRACE] Doing: MirrorUpdate
2017/10/20 20:57:57 [TRACE] Doing: MirrorUpdate
2017/10/20 21:02:32 [TRACE] Session ID: e7373a946fa929b9
2017/10/20 21:02:32 [TRACE] CSRF Token: 9Bj7oPRxEAIa__xP3OvOfE6vcSo6MTUwODUzMzM1MjI2NzQ4MjYwNw==
2017/10/20 21:06:55 [TRACE] Session ID: 461fed9e5d58710d
2017/10/20 21:06:55 [TRACE] CSRF Token: iz8nZZHrEgjhWXUB36IzhzWSXKM6MTUwODUzMzYxNTc0NTgzODY5NQ==
2017/10/20 21:07:57 [TRACE] Doing: MirrorUpdate
2017/10/20 21:10:23 [TRACE] Session ID: 80572e4d4bbbe55c
2017/10/20 21:10:23 [TRACE] CSRF Token: qIKflnZ_nKPALsIn5XvIqW4Tlfw6MTUwODUzMzgyMzE3NTYwODMyMA==
2017/10/20 21:10:23 [TRACE] Session ID: 5798d64c24a75be3
2017/10/20 21:10:23 [TRACE] CSRF Token: JCAygcY028pPqUogBMJ6iVNJzAQ6MTUwODUzMzgyMzU5MTA0ODQxOA==
2017/10/20 21:10:24 [TRACE] Session ID: 0ff5a767ad6a7166
2017/10/20 21:10:24 [TRACE] CSRF Token: xuHKKwrXbJEdrRfPzf6hSxKmfm86MTUwODUzMzgyNDE4NjU5NDQ3OA==
2017/10/20 21:10:24 [TRACE] AddTestPullRequestTask [head_repo_id: 1, head_branch: master]: finding pull requests
2017/10/20 21:10:24 [TRACE] DeliverHooks [repo_id: 1]
2017/10/20 21:10:24 [TRACE] AddTestPullRequestTask [base_repo_id: 1, base_branch: master]: finding pull requests
2017/10/20 21:10:24 [TRACE] Session ID: 7476ce2c13c9f649
2017/10/20 21:10:24 [TRACE] CSRF Token: t4wSmCBdS2f9XHoMZNP9NjN-Ee86MTUwODUzMzgyNDM5ODIyOTMxNQ==
2017/10/20 21:10:24 [TRACE] Session ID: 55d0383854524b00
2017/10/20 21:10:24 [TRACE] CSRF Token: 4Vb_ssiRg-IS5aCuIyefuLg5xAA6MTUwODUzMzgyNDQyNzc3Mzg2NA==
2017/10/20 21:10:24 [TRACE] Hook delivered: 09368d35-1e23-4b64-85a7-22a9dee2a705
2017/10/20 21:10:26 [TRACE] Session ID: 6b89162a542dd739
2017/10/20 21:10:26 [TRACE] CSRF Token: sfZl-JeifH3_ipeWRvHDYYwbFcw6MTUwODUzMzgyNjUyMjc4NTI0MQ==
2017/10/20 21:10:26 [TRACE] Session ID: e26941498c0a1adf
2017/10/20 21:10:26 [TRACE] CSRF Token: ZEbh5QR1FykmSMbGFGr51VfU1hg6MTUwODUzMzgyNjU1MTQ5MDk0MA==
2017/10/20 21:10:45 [TRACE] Session ID: 2495d914f6be0d59
2017/10/20 21:10:45 [TRACE] CSRF Token: utim8pDJVaJUFRQcH3To1pZ46ks6MTUwODUyOTk0MTczNTczNjU0MQ==
2017/10/20 21:10:45 [TRACE] Template: repo/home
2017/10/20 21:16:18 [TRACE] Session ID: 6dc76d5f7087e5e3
2017/10/20 21:16:18 [TRACE] CSRF Token: u1CQWSDYPGXVh7-tdpu-JmW5sHI6MTUwODUzNDE3ODk1MzA1OTMwNA==
2017/10/20 21:16:19 [TRACE] Session ID: e7b454ad66e5b171
2017/10/20 21:16:19 [TRACE] CSRF Token: gxnY_pRyLMP-bW6_bUocdDphSJs6MTUwODUzNDE3OTUzNjA2NTE3Mw==
2017/10/20 21:16:20 [TRACE] Session ID: ef460d520834ea81
2017/10/20 21:16:20 [TRACE] CSRF Token: DxT1gNcNcLEYqy_dYyNBM0wLISc6MTUwODUzNDE3OTk3NDEyODk0Ng==
2017/10/20 21:16:20 [TRACE] DeliverHooks [repo_id: 1]
2017/10/20 21:16:20 [TRACE] AddTestPullRequestTask [head_repo_id: 1, head_branch: master]: finding pull requests
2017/10/20 21:16:20 [TRACE] AddTestPullRequestTask [base_repo_id: 1, base_branch: master]: finding pull requests
2017/10/20 21:16:20 [TRACE] Session ID: 3c94f60d51300d22
2017/10/20 21:16:20 [TRACE] CSRF Token: 4lKbmrYqe42OjkUGRDF2eZ2hyg86MTUwODUzNDE4MDE4MzcxNTY3Nw==
2017/10/20 21:16:20 [TRACE] Session ID: afa17a5e26612c89
2017/10/20 21:16:20 [TRACE] CSRF Token: enjLFR0InTJP2tRhfSpT_r6-S-M6MTUwODUzNDE4MDIxMzk2MjM4MQ==
2017/10/20 21:16:20 [TRACE] Hook delivered: 4ec9d44d-91ca-4c7e-a240-fd5065c39a9f
2017/10/20 21:16:22 [TRACE] Session ID: f39077e59cc7ea15
2017/10/20 21:16:22 [TRACE] CSRF Token: lioMMCqaecdFT9Kk1e9xA-otxuQ6MTUwODUzNDE4MjI3MjM3NzY1Mg==
2017/10/20 21:16:22 [TRACE] Session ID: 67ea203cc926d4de
2017/10/20 21:16:22 [TRACE] CSRF Token: 4_U7QC9fFukgD0TjzUg12G11tzs6MTUwODUzNDE4MjMwMjUyNTk4Nw==
2017/10/20 21:17:57 [TRACE] Doing: MirrorUpdate
2017/10/20 21:18:20 [TRACE] Session ID: 968bdfed6dfbc794
2017/10/20 21:18:20 [TRACE] CSRF Token: Kez4My_pblWxACgk-9AEfZGYKWA6MTUwODUzNDMwMDI4MjgyOTE1OA==
2017/10/20 21:27:57 [TRACE] Doing: MirrorUpdate
2017/10/20 21:35:39 [TRACE] Log Mode: File (Trace)
2017/10/20 21:35:39 [ INFO] NetDevOps CICD 0.9.141.0211
2017/10/20 21:35:39 [ INFO] Cache Service Enabled
2017/10/20 21:35:39 [ INFO] Session Service Enabled
2017/10/20 21:35:39 [ INFO] Git Version: 2.6.6
2017/10/20 21:35:39 [ INFO] SQLite3 Supported
2017/10/20 21:35:39 [ INFO] Run Mode: Production
2017/10/20 21:35:39 [TRACE] Doing: CheckRepoStats
2017/10/20 21:35:40 [ INFO] Listen: http://0.0.0.0:3000/gogs
2017/10/20 21:39:59 [TRACE] Log Mode: File (Trace)
2017/10/20 21:39:59 [ INFO] NetDevOps CICD 0.9.141.0211
2017/10/20 21:39:59 [ INFO] Cache Service Enabled
2017/10/20 21:39:59 [ INFO] Session Service Enabled
2017/10/20 21:39:59 [ INFO] Git Version: 2.6.6
2017/10/20 21:40:00 [ INFO] SQLite3 Supported
2017/10/20 21:40:00 [ INFO] Run Mode: Production
2017/10/20 21:40:00 [TRACE] Doing: CheckRepoStats
2017/10/20 21:40:00 [ INFO] Listen: http://0.0.0.0:3000/gogs
2017/10/20 21:44:08 [TRACE] Log Mode: File (Trace)
2017/10/20 21:44:08 [ INFO] NetDevOps CICD 0.9.141.0211
2017/10/20 21:44:08 [ INFO] Cache Service Enabled
2017/10/20 21:44:08 [ INFO] Session Service Enabled
2017/10/20 21:44:08 [ INFO] Git Version: 2.6.6
2017/10/20 21:44:08 [ INFO] SQLite3 Supported
2017/10/20 21:44:08 [ INFO] Run Mode: Production
2017/10/20 21:44:08 [TRACE] Doing: CheckRepoStats
2017/10/20 21:44:08 [ INFO] Listen: http://0.0.0.0:3000/gogs
2017/10/20 21:44:26 [TRACE] Session ID: 2495d914f6be0d59
2017/10/20 21:44:26 [TRACE] CSRF Token: utim8pDJVaJUFRQcH3To1pZ46ks6MTUwODUyOTk0MTczNTczNjU0MQ==
2017/10/20 21:44:26 [TRACE] Template: repo/home
2017/10/20 21:44:38 [TRACE] Session ID: d7dfb4a00692c085
2017/10/20 21:44:38 [TRACE] CSRF Token: s17uI7Re3KcbbhFURqgrggWR5qE6MTUwODUzNTg3ODM5MTg4MTI0Nw==
2017/10/20 21:44:38 [TRACE] Session ID: 500b29a78abfe1cc
2017/10/20 21:44:38 [TRACE] CSRF Token: Lh3dh5d_CRb9Y16NLj0MVg9f4I86MTUwODUzNTg3ODUwNjMxMjQ5NQ==
2017/10/20 21:44:39 [TRACE] Session ID: c5522ee9349970b9
2017/10/20 21:44:39 [TRACE] CSRF Token: KPirMIflFy5RwIFKW8iceGXD_7I6MTUwODUzNTg3OTA4MTc3MTU5Mw==
2017/10/20 21:44:47 [TRACE] Session ID: 2495d914f6be0d59
2017/10/20 21:44:47 [TRACE] CSRF Token: utim8pDJVaJUFRQcH3To1pZ46ks6MTUwODUyOTk0MTczNTczNjU0MQ==
2017/10/20 21:44:47 [TRACE] Template: repo/settings/options
2017/10/20 21:44:49 [TRACE] Session ID: 2495d914f6be0d59
2017/10/20 21:44:49 [TRACE] CSRF Token: utim8pDJVaJUFRQcH3To1pZ46ks6MTUwODUyOTk0MTczNTczNjU0MQ==
2017/10/20 21:44:49 [TRACE] Template: repo/settings/hooks
2017/10/20 21:44:52 [TRACE] Session ID: 2495d914f6be0d59
2017/10/20 21:44:52 [TRACE] CSRF Token: utim8pDJVaJUFRQcH3To1pZ46ks6MTUwODUyOTk0MTczNTczNjU0MQ==
2017/10/20 21:44:52 [TRACE] Session ID: 2495d914f6be0d59
2017/10/20 21:44:52 [TRACE] CSRF Token: utim8pDJVaJUFRQcH3To1pZ46ks6MTUwODUyOTk0MTczNTczNjU0MQ==
2017/10/20 21:44:52 [TRACE] Template: repo/settings/hooks
2017/10/20 21:45:43 [TRACE] Session ID: a415adb7f40926a5
2017/10/20 21:45:43 [TRACE] CSRF Token: IFGTpt6p_hE-sShheX2A28L8LXI6MTUwODUzNTk0Mzk0MDU2OTE1OQ==
2017/10/20 21:45:43 [TRACE] Session ID: 2981d081f52bc73a
2017/10/20 21:45:43 [TRACE] CSRF Token: 51-noXhBc5YnO26mtYGBWKMmZlo6MTUwODUzNTk0Mzk1MDU1Mzc2OQ==
2017/10/20 21:45:43 [TRACE] Session ID: f2eaad5ce3ecb203
2017/10/20 21:45:43 [TRACE] CSRF Token: KcpXpL4bfQvxi1lg4Q-S3779ma46MTUwODUzNTk0Mzk1OTA5MDIwMQ==
2017/10/20 21:45:46 [TRACE] Session ID: 2495d914f6be0d59
2017/10/20 21:45:46 [TRACE] CSRF Token: utim8pDJVaJUFRQcH3To1pZ46ks6MTUwODUyOTk0MTczNTczNjU0MQ==
2017/10/20 21:45:46 [TRACE] Template: repo/settings/hooks
2017/10/20 21:47:07 [TRACE] Session ID: 14957eb6453d57bb
2017/10/20 21:47:07 [TRACE] CSRF Token: aN-DNVagX1w6WRU7aQB_lBGgk346MTUwODUzNjAyNzkyNDUwNTkxNA==
2017/10/20 21:47:08 [TRACE] Session ID: f0cba9aa3a3bb4fa
2017/10/20 21:47:08 [TRACE] CSRF Token: AQv5Zu0TfubFNGlM0Iwovhyje4s6MTUwODUzNjAyODE3OTYwNjM2Mg==
2017/10/20 21:47:08 [TRACE] Session ID: 899daf01d007bfb1
2017/10/20 21:47:08 [TRACE] CSRF Token: LX3sNp1Oidm5XAPuYEbLJgDy3ao6MTUwODUzNjAyODU4ODc5OTQ3MA==
2017/10/20 21:47:08 [TRACE] AddTestPullRequestTask [head_repo_id: 1, head_branch: master]: finding pull requests
2017/10/20 21:47:08 [TRACE] DeliverHooks [repo_id: 1]
2017/10/20 21:47:08 [TRACE] AddTestPullRequestTask [base_repo_id: 1, base_branch: master]: finding pull requests
2017/10/20 21:47:08 [TRACE] Session ID: edabe8b886bad8fb
2017/10/20 21:47:08 [TRACE] CSRF Token: rVyiQd2fTG9odmib7-tva6dEb7g6MTUwODUzNjAyODc4MDMxODA0NQ==
2017/10/20 21:47:08 [TRACE] Hook delivered: 6ef63ea5-e2b2-4a08-9723-ab021b663e7f
2017/10/20 21:47:09 [TRACE] Session ID: d3a79f92293bf2c7
2017/10/20 21:47:09 [TRACE] CSRF Token: qHv1MMMiwt_hAeJgDVHZMXnnlto6MTUwODUzNjAyOTM3NjY1NzgyNg==
2017/10/20 21:47:09 [TRACE] Session ID: 7d1fa2300a742b52
2017/10/20 21:47:09 [TRACE] CSRF Token: vfJKCIXj38DfPMiqmIs7JmAS8K46MTUwODUzNjAyOTQwNTcwNDcyOQ==
2017/10/20 21:47:13 [TRACE] Session ID: 2495d914f6be0d59
2017/10/20 21:47:13 [TRACE] CSRF Token: utim8pDJVaJUFRQcH3To1pZ46ks6MTUwODUyOTk0MTczNTczNjU0MQ==
2017/10/20 21:47:13 [TRACE] Template: repo/settings/hooks
2017/10/20 21:47:15 [TRACE] Session ID: 2495d914f6be0d59
2017/10/20 21:47:15 [TRACE] CSRF Token: utim8pDJVaJUFRQcH3To1pZ46ks6MTUwODUyOTk0MTczNTczNjU0MQ==
2017/10/20 21:47:15 [TRACE] Template: repo/home
2017/10/20 21:52:32 [TRACE] Session ID: 52cb85b2f5d2549d
2017/10/20 21:52:32 [TRACE] CSRF Token: AJz0peCB8AH3Rb2EITzcGwM8z6A6MTUwODUzNjM1MjE0OTI1NDg3Mg==
2017/10/20 21:52:32 [TRACE] Session ID: cac194038f6f8108
2017/10/20 21:52:32 [TRACE] CSRF Token: Tb-81M1kTy59-od2LrYn8MsIPV06MTUwODUzNjM1MjIwNjM3MjAwNQ==
2017/10/20 21:54:00 [TRACE] Session ID: f82936e5b606b8a8
2017/10/20 21:54:00 [TRACE] CSRF Token: v-amt-0FMEOlxA75Lh4M7lq8Ock6MTUwODUzNjQ0MDI2NjI3MjQ5MA==
2017/10/20 21:54:00 [TRACE] Session ID: 40446267eb54ab68
2017/10/20 21:54:00 [TRACE] CSRF Token: 8QCu8eFU51QfrsUVGzIwWmAgnbE6MTUwODUzNjQ0MDMzMjg4MTMzNw==
2017/10/20 21:54:08 [TRACE] Doing: MirrorUpdate
2017/10/20 21:57:16 [TRACE] Session ID: 41c4901257becb93
2017/10/20 21:57:16 [TRACE] CSRF Token: kyMkOncE24cmjvIOsA5BQ-DCcd06MTUwODUzNjYzNjAyNzU3ODk2OQ==
2017/10/20 21:57:16 [TRACE] Session ID: 1b75045aa5bd3e6e
2017/10/20 21:57:16 [TRACE] CSRF Token: U-5zCsYqaTnQsep07br7b_sVzgs6MTUwODUzNjYzNjcwMDM4MjEyNw==
2017/10/20 21:57:17 [TRACE] Session ID: 9ef91dd68668926a
2017/10/20 21:57:17 [TRACE] CSRF Token: sStzpcawnkgtDlPruo4e7cTU0e86MTUwODUzNjYzNzEwOTAyMDIyNw==
2017/10/20 21:57:17 [TRACE] DeliverHooks [repo_id: 1]
2017/10/20 21:57:17 [TRACE] AddTestPullRequestTask [head_repo_id: 1, head_branch: master]: finding pull requests
2017/10/20 21:57:17 [TRACE] AddTestPullRequestTask [base_repo_id: 1, base_branch: master]: finding pull requests
2017/10/20 21:57:17 [TRACE] Session ID: e609a0006dcbdefd
2017/10/20 21:57:17 [TRACE] CSRF Token: uLbh-QkaZmnn8smDl1qYJ-lHn_w6MTUwODUzNjYzNzMwODk5MTUzMQ==
2017/10/20 21:57:17 [TRACE] Hook delivered: 07034319-bba1-40b8-a548-7ec48bcf7489
2017/10/20 21:57:17 [TRACE] Session ID: 3c1f3ffcc13e8acd
2017/10/20 21:57:17 [TRACE] CSRF Token: lfxhFZctl-6o4K3QBecntLzxGaA6MTUwODUzNjYzNzgzODgzNzEwMg==
2017/10/20 21:57:17 [TRACE] Session ID: acde9e21093312d8
2017/10/20 21:57:17 [TRACE] CSRF Token: dBSredlf66Pd0ug7BbRw_sbfYgo6MTUwODUzNjYzNzg2NDMzODk2OA==
2017/10/20 22:04:08 [TRACE] Doing: MirrorUpdate
2017/10/20 22:04:22 [TRACE] Session ID: 63b5a5174ac9e7c7
2017/10/20 22:04:22 [TRACE] CSRF Token: 7U1mnlCSg7RhjrCapwOdWXbAMtQ6MTUwODUzNzA2Mjk0MzE1ODYzMg==
2017/10/20 22:06:40 [TRACE] Session ID: 709022b73636e271
2017/10/20 22:06:40 [TRACE] CSRF Token: kk8FvzzSduz4cXWVng5jFFDziFw6MTUwODUzNzIwMDc1NDYxOTM4Mg==
2017/10/20 22:06:52 [TRACE] Session ID: 752bc13c0a58e3f5
2017/10/20 22:06:52 [TRACE] CSRF Token: ZOcjdksapZ_V34FpAygutvq3I4M6MTUwODUzNzIxMjA3OTE2ODcxMA==
2017/10/20 22:06:52 [TRACE] Session ID: 655ed133a215c2cc
2017/10/20 22:06:52 [TRACE] CSRF Token: SZtbsN-uEbmpYYBfRFPpXC2Jv9g6MTUwODUzNzIxMjEwOTczNDAyMg==
2017/10/20 22:14:08 [TRACE] Doing: MirrorUpdate
2017/10/20 22:18:19 [TRACE] Session ID: a8d9a9639933658d
2017/10/20 22:18:19 [TRACE] CSRF Token: 9GlNLbqgbP9lphTj-PrIP9PXxn86MTUwODUzNzg5OTkwNjgwMzE5Nw==
2017/10/20 22:18:20 [TRACE] Session ID: 9da5f445f164f10a
2017/10/20 22:18:20 [TRACE] CSRF Token: red28Qrxc8qy0PsbAORCPg77hcI6MTUwODUzNzkwMDM1NzA5MTE2OA==
2017/10/20 22:18:20 [TRACE] Session ID: 4e546d28a689bf8e
2017/10/20 22:18:20 [TRACE] CSRF Token: FI96q9_gYIPpv_AzRsJt4_y-Axk6MTUwODUzNzkwMDc2ODMwOTM0OQ==
2017/10/20 22:18:20 [TRACE] DeliverHooks [repo_id: 1]
2017/10/20 22:18:20 [TRACE] AddTestPullRequestTask [head_repo_id: 1, head_branch: master]: finding pull requests
2017/10/20 22:18:20 [TRACE] AddTestPullRequestTask [base_repo_id: 1, base_branch: master]: finding pull requests
2017/10/20 22:18:20 [TRACE] Session ID: dfa1dcbaeb2a5ee1
2017/10/20 22:18:20 [TRACE] CSRF Token: yRnVxzdUiuNUPr-MahX7FGXyEas6MTUwODUzNzkwMDk2MzcwOTc2NA==
2017/10/20 22:18:21 [TRACE] Hook delivered: 9fff4cc9-e68a-4af5-8335-888590047561
2017/10/20 22:18:21 [TRACE] Session ID: 86ff4f08a8cb8072
2017/10/20 22:18:21 [TRACE] CSRF Token: rYsI6kiEbGw0KDHNKDX25AEKUdA6MTUwODUzNzkwMTUzNjE2NjQ2MQ==
2017/10/20 22:18:21 [TRACE] Session ID: ee5d2846ebbc207c
2017/10/20 22:18:21 [TRACE] CSRF Token: QFicxlaClGQja1luyi7-39HWntc6MTUwODUzNzkwMTU2ODA5MzM0Ng==
2017/10/20 22:23:59 [TRACE] Session ID: da14e738ff0a2014
2017/10/20 22:23:59 [TRACE] CSRF Token: KYRPvyiyFgmQTdtJ9kcXU5l3CsI6MTUwODUzODIzOTY2ODQ3ODI0NQ==
2017/10/20 22:24:08 [TRACE] Doing: MirrorUpdate
2017/10/20 22:34:08 [TRACE] Doing: MirrorUpdate
2017/10/20 22:39:20 [TRACE] Session ID: abf3c9cf90aa0e71
2017/10/20 22:39:20 [TRACE] CSRF Token: JitJYza7Fzn9Rxf2KhSAK4Avn6U6MTUwODUzOTE2MDIxMjkzMTkzMg==
2017/10/20 22:39:20 [TRACE] Session ID: e981e85346f8cf40
2017/10/20 22:39:20 [TRACE] CSRF Token: tzfguqh0RWFOFqWBW0jcuPeYNWk6MTUwODUzOTE2MDIxNzEwOTA5NQ==
2017/10/20 22:42:28 [TRACE] Log Mode: File (Trace)
2017/10/20 22:42:28 [ INFO] NetDevOps CICD 0.9.141.0211
2017/10/20 22:42:28 [ INFO] Cache Service Enabled
2017/10/20 22:42:28 [ INFO] Session Service Enabled
2017/10/20 22:42:28 [ INFO] Git Version: 2.6.6
2017/10/20 22:42:28 [ INFO] SQLite3 Supported
2017/10/20 22:42:28 [ INFO] Run Mode: Production
2017/10/20 22:42:28 [TRACE] Doing: CheckRepoStats
2017/10/20 22:42:29 [ INFO] Listen: http://0.0.0.0:3000/gogs
2017/10/20 22:42:39 [TRACE] Session ID: c44b5dcccc446404
2017/10/20 22:42:39 [TRACE] CSRF Token: TrKPxjs1Gm2QkhI10N8nlQRejSI6MTUwODUzOTM1OTQ2MjkzMDE4OQ==
2017/10/20 22:42:40 [TRACE] Session ID: a23082c1e9cd6022
2017/10/20 22:42:40 [TRACE] CSRF Token: RAkVHMJqs6enpgN4jG904rfjpzA6MTUwODUzOTM2MDcyMTM3NDU0MA==
2017/10/20 22:42:40 [TRACE] Session ID: feba7a1302d7680a
2017/10/20 22:42:40 [TRACE] CSRF Token: n6FqI3h39lElkjlL8blZQ_1N6pM6MTUwODUzOTM2MDcyMDE2MDI1OQ==
